{
  "RSpec": {
    "coverage": {
      "/Users/noellehemphill/turing_work/4mod/intermission/tea_subscription/tea_subscription_api/config/environment.rb": {
        "lines": [
          null,
          1,
          null,
          null,
          1
        ]
      },
      "/Users/noellehemphill/turing_work/4mod/intermission/tea_subscription/tea_subscription_api/config/application.rb": {
        "lines": [
          1,
          null,
          1,
          null,
          1,
          1,
          1,
          1,
          1,
          1,
          1,
          1,
          1,
          1,
          null,
          null,
          null,
          null,
          1,
          null,
          1,
          1,
          null,
          1,
          null,
          null,
          null,
          null,
          1,
          null,
          null,
          null,
          null,
          null,
          null,
          null,
          null,
          null,
          null,
          null,
          null,
          1,
          null,
          null
        ]
      },
      "/Users/noellehemphill/turing_work/4mod/intermission/tea_subscription/tea_subscription_api/config/boot.rb": {
        "lines": [
          1,
          null,
          1,
          1
        ]
      },
      "/Users/noellehemphill/turing_work/4mod/intermission/tea_subscription/tea_subscription_api/config/environments/test.rb": {
        "lines": [
          1,
          null,
          null,
          null,
          null,
          null,
          null,
          1,
          null,
          null,
          null,
          1,
          null,
          null,
          null,
          null,
          null,
          1,
          null,
          null,
          1,
          1,
          null,
          null,
          null,
          null,
          1,
          1,
          1,
          null,
          null,
          1,
          null,
          null,
          1,
          null,
          null,
          1,
          null,
          1,
          null,
          null,
          null,
          null,
          1,
          null,
          null,
          1,
          null,
          null,
          1,
          null,
          null,
          1,
          null,
          null,
          null,
          null,
          null,
          null,
          null,
          null,
          1,
          null
        ]
      },
      "/Users/noellehemphill/turing_work/4mod/intermission/tea_subscription/tea_subscription_api/config/initializers/cors.rb": {
        "lines": [
          null,
          null,
          null,
          null,
          null,
          null,
          null,
          null,
          null,
          null,
          null,
          null,
          null,
          null,
          null,
          null
        ]
      },
      "/Users/noellehemphill/turing_work/4mod/intermission/tea_subscription/tea_subscription_api/config/initializers/filter_parameter_logging.rb": {
        "lines": [
          null,
          null,
          null,
          null,
          null,
          1,
          null,
          null
        ]
      },
      "/Users/noellehemphill/turing_work/4mod/intermission/tea_subscription/tea_subscription_api/config/initializers/inflections.rb": {
        "lines": [
          null,
          null,
          null,
          null,
          null,
          null,
          null,
          null,
          null,
          null,
          null,
          null,
          null,
          null,
          null,
          null
        ]
      },
      "/Users/noellehemphill/turing_work/4mod/intermission/tea_subscription/tea_subscription_api/spec/factories/customers.rb": {
        "lines": [
          1,
          1,
          1,
          1,
          1,
          1,
          null,
          null
        ]
      },
      "/Users/noellehemphill/turing_work/4mod/intermission/tea_subscription/tea_subscription_api/spec/factories/subscriptions.rb": {
        "lines": [
          1,
          1,
          1,
          1,
          1,
          null,
          null
        ]
      },
      "/Users/noellehemphill/turing_work/4mod/intermission/tea_subscription/tea_subscription_api/spec/factories/teas.rb": {
        "lines": [
          1,
          1,
          1,
          7,
          7,
          7,
          null,
          null
        ]
      },
      "/Users/noellehemphill/turing_work/4mod/intermission/tea_subscription/tea_subscription_api/config/routes.rb": {
        "lines": [
          1,
          null,
          null,
          null,
          null,
          1,
          null,
          null,
          null,
          null,
          1,
          1,
          1,
          1,
          1,
          1,
          null,
          null,
          null
        ]
      },
      "/Users/noellehemphill/turing_work/4mod/intermission/tea_subscription/tea_subscription_api/app/models/customer.rb": {
        "lines": [
          1,
          1,
          null,
          1,
          1,
          null
        ]
      },
      "/Users/noellehemphill/turing_work/4mod/intermission/tea_subscription/tea_subscription_api/app/models/application_record.rb": {
        "lines": [
          1,
          1,
          null
        ]
      },
      "/Users/noellehemphill/turing_work/4mod/intermission/tea_subscription/tea_subscription_api/app/models/subscription.rb": {
        "lines": [
          1,
          1,
          1,
          null,
          1,
          null,
          1,
          1,
          null
        ]
      },
      "/Users/noellehemphill/turing_work/4mod/intermission/tea_subscription/tea_subscription_api/app/models/tea.rb": {
        "lines": [
          1,
          1,
          1,
          null,
          1,
          null
        ]
      },
      "/Users/noellehemphill/turing_work/4mod/intermission/tea_subscription/tea_subscription_api/app/models/customer_subscription.rb": {
        "lines": [
          1,
          1,
          null,
          1,
          1,
          null,
          1,
          null
        ]
      },
      "/Users/noellehemphill/turing_work/4mod/intermission/tea_subscription/tea_subscription_api/app/serializers/customer_subscription_serializer.rb": {
        "lines": [
          1,
          1,
          1,
          null
        ]
      }
    },
    "timestamp": 1701143811
  }
}
